<?xml version="1.0" encoding="UTF-8"?>
<!-- Generated by org.testng.reporters.JUnitReportReporter -->
<testsuite skipped="0" hostname="DESKTOP-GRBVRU8" name="automationpractise.test.LoginTest" tests="1" failures="0" timestamp="2020-01-26T11:48:31 EST" time="20.730" errors="0">
  <testcase name="loginTest" time="20.730" classname="automationpractise.test.LoginTest"/>
</testsuite> <!-- automationpractise.test.LoginTest -->
