<?xml version="1.0" encoding="UTF-8"?>
<!-- Generated by org.testng.reporters.JUnitReportReporter -->
<testsuite skipped="0" hostname="DESKTOP-GRBVRU8" name="automationpractise.test.HomePageTest" tests="1" failures="0" timestamp="2020-02-01T17:08:12 EST" time="35.639" errors="0">
  <testcase name="createMessage" time="35.639" classname="automationpractise.test.HomePageTest"/>
</testsuite> <!-- automationpractise.test.HomePageTest -->
